Performing C++ SOURCE FILE Test HAVE_SHARED_PTR_IN_STD_NAMESPACE failed with the following output:
Change Dir: /home/akashmanna/blender-git/build_linux/CMakeFiles/CMakeTmp

Run Build Command:/usr/bin/make "cmTryCompileExec3401703825/fast"
make[1]: Entering directory `/home/akashmanna/blender-git/build_linux/CMakeFiles/CMakeTmp'
/usr/bin/make -f CMakeFiles/cmTryCompileExec3401703825.dir/build.make CMakeFiles/cmTryCompileExec3401703825.dir/build
make[2]: Entering directory `/home/akashmanna/blender-git/build_linux/CMakeFiles/CMakeTmp'
/usr/bin/cmake -E cmake_progress_report /home/akashmanna/blender-git/build_linux/CMakeFiles/CMakeTmp/CMakeFiles 1
Building CXX object CMakeFiles/cmTryCompileExec3401703825.dir/src.cxx.o
/usr/bin/c++    -DHAVE_SHARED_PTR_IN_STD_NAMESPACE   -o CMakeFiles/cmTryCompileExec3401703825.dir/src.cxx.o -c /home/akashmanna/blender-git/build_linux/CMakeFiles/CMakeTmp/src.cxx
/home/akashmanna/blender-git/build_linux/CMakeFiles/CMakeTmp/src.cxx: In function ‘int main()’:
/home/akashmanna/blender-git/build_linux/CMakeFiles/CMakeTmp/src.cxx:3:32: error: ‘shared_ptr’ is not a member of ‘std’
                                std::shared_ptr<int> int_ptr;
                                ^
/home/akashmanna/blender-git/build_linux/CMakeFiles/CMakeTmp/src.cxx:3:48: error: expected primary-expression before ‘int’
                                std::shared_ptr<int> int_ptr;
                                                ^
/home/akashmanna/blender-git/build_linux/CMakeFiles/CMakeTmp/src.cxx:3:48: error: expected ‘;’ before ‘int’
make[2]: Leaving directory `/home/akashmanna/blender-git/build_linux/CMakeFiles/CMakeTmp'
make[2]: *** [CMakeFiles/cmTryCompileExec3401703825.dir/src.cxx.o] Error 1
make[1]: Leaving directory `/home/akashmanna/blender-git/build_linux/CMakeFiles/CMakeTmp'
make[1]: *** [cmTryCompileExec3401703825/fast] Error 2

Source file was:
#include <memory>
		                           int main() {
		                             std::shared_ptr<int> int_ptr;
		                             return 0;
		                           }
Performing C++ SOURCE FILE Test HAVE_SHARED_PTR_IN_TR1_NAMESPACE failed with the following output:
Change Dir: /home/akashmanna/blender-git/build_linux/CMakeFiles/CMakeTmp

Run Build Command:/usr/bin/make "cmTryCompileExec1480255052/fast"
make[1]: Entering directory `/home/akashmanna/blender-git/build_linux/CMakeFiles/CMakeTmp'
/usr/bin/make -f CMakeFiles/cmTryCompileExec1480255052.dir/build.make CMakeFiles/cmTryCompileExec1480255052.dir/build
make[2]: Entering directory `/home/akashmanna/blender-git/build_linux/CMakeFiles/CMakeTmp'
/usr/bin/cmake -E cmake_progress_report /home/akashmanna/blender-git/build_linux/CMakeFiles/CMakeTmp/CMakeFiles 1
Building CXX object CMakeFiles/cmTryCompileExec1480255052.dir/src.cxx.o
/usr/bin/c++    -DHAVE_SHARED_PTR_IN_TR1_NAMESPACE   -o CMakeFiles/cmTryCompileExec1480255052.dir/src.cxx.o -c /home/akashmanna/blender-git/build_linux/CMakeFiles/CMakeTmp/src.cxx
/home/akashmanna/blender-git/build_linux/CMakeFiles/CMakeTmp/src.cxx: In function ‘int main()’:
/home/akashmanna/blender-git/build_linux/CMakeFiles/CMakeTmp/src.cxx:3:36: error: ‘std::tr1’ has not been declared
                               std::tr1::shared_ptr<int> int_ptr;
                                    ^
/home/akashmanna/blender-git/build_linux/CMakeFiles/CMakeTmp/src.cxx:3:52: error: expected primary-expression before ‘int’
                               std::tr1::shared_ptr<int> int_ptr;
                                                    ^
/home/akashmanna/blender-git/build_linux/CMakeFiles/CMakeTmp/src.cxx:3:52: error: expected ‘;’ before ‘int’
make[2]: *** [CMakeFiles/cmTryCompileExec1480255052.dir/src.cxx.o] Error 1
make[2]: Leaving directory `/home/akashmanna/blender-git/build_linux/CMakeFiles/CMakeTmp'
make[1]: *** [cmTryCompileExec1480255052/fast] Error 2
make[1]: Leaving directory `/home/akashmanna/blender-git/build_linux/CMakeFiles/CMakeTmp'

Source file was:
#include <memory>
			                           int main() {
			                           std::tr1::shared_ptr<int> int_ptr;
			                           return 0;
			                           }
Determining if the include file unordered_map exists failed with the following output:
Change Dir: /home/akashmanna/blender-git/build_linux/CMakeFiles/CMakeTmp

Run Build Command:/usr/bin/make "cmTryCompileExec1004383414/fast"
make[1]: Entering directory `/home/akashmanna/blender-git/build_linux/CMakeFiles/CMakeTmp'
/usr/bin/make -f CMakeFiles/cmTryCompileExec1004383414.dir/build.make CMakeFiles/cmTryCompileExec1004383414.dir/build
make[2]: Entering directory `/home/akashmanna/blender-git/build_linux/CMakeFiles/CMakeTmp'
/usr/bin/cmake -E cmake_progress_report /home/akashmanna/blender-git/build_linux/CMakeFiles/CMakeTmp/CMakeFiles 1
Building CXX object CMakeFiles/cmTryCompileExec1004383414.dir/CheckIncludeFile.cxx.o
/usr/bin/c++     -o CMakeFiles/cmTryCompileExec1004383414.dir/CheckIncludeFile.cxx.o -c /home/akashmanna/blender-git/build_linux/CMakeFiles/CMakeTmp/CheckIncludeFile.cxx
In file included from /usr/include/c++/4.8/unordered_map:35:0,
                 from /home/akashmanna/blender-git/build_linux/CMakeFiles/CMakeTmp/CheckIncludeFile.cxx:1:
/usr/include/c++/4.8/bits/c++0x_warning.h:32:2: error: #error This file requires compiler and library support for the ISO C++ 2011 standard. This support is currently experimental, and must be enabled with the -std=c++11 or -std=gnu++11 compiler options.
 #error This file requires compiler and library support for the \
  ^
make[2]: *** [CMakeFiles/cmTryCompileExec1004383414.dir/CheckIncludeFile.cxx.o] Error 1
make[2]: Leaving directory `/home/akashmanna/blender-git/build_linux/CMakeFiles/CMakeTmp'
make[1]: *** [cmTryCompileExec1004383414/fast] Error 2
make[1]: Leaving directory `/home/akashmanna/blender-git/build_linux/CMakeFiles/CMakeTmp'


Determining if the pthread_create exist failed with the following output:
Change Dir: /home/akashmanna/blender-git/build_linux/CMakeFiles/CMakeTmp

Run Build Command:/usr/bin/make "cmTryCompileExec359150271/fast"
make[1]: Entering directory `/home/akashmanna/blender-git/build_linux/CMakeFiles/CMakeTmp'
/usr/bin/make -f CMakeFiles/cmTryCompileExec359150271.dir/build.make CMakeFiles/cmTryCompileExec359150271.dir/build
make[2]: Entering directory `/home/akashmanna/blender-git/build_linux/CMakeFiles/CMakeTmp'
/usr/bin/cmake -E cmake_progress_report /home/akashmanna/blender-git/build_linux/CMakeFiles/CMakeTmp/CMakeFiles 1
Building C object CMakeFiles/cmTryCompileExec359150271.dir/CheckSymbolExists.c.o
/usr/bin/cc    -o CMakeFiles/cmTryCompileExec359150271.dir/CheckSymbolExists.c.o   -c /home/akashmanna/blender-git/build_linux/CMakeFiles/CMakeTmp/CheckSymbolExists.c
Linking C executable cmTryCompileExec359150271
/usr/bin/cmake -E cmake_link_script CMakeFiles/cmTryCompileExec359150271.dir/link.txt --verbose=1
/usr/bin/cc       CMakeFiles/cmTryCompileExec359150271.dir/CheckSymbolExists.c.o  -o cmTryCompileExec359150271 -rdynamic 
CMakeFiles/cmTryCompileExec359150271.dir/CheckSymbolExists.c.o: In function `main':
CheckSymbolExists.c:(.text+0x16): undefined reference to `pthread_create'
collect2: error: ld returned 1 exit status
make[2]: *** [cmTryCompileExec359150271] Error 1
make[2]: Leaving directory `/home/akashmanna/blender-git/build_linux/CMakeFiles/CMakeTmp'
make[1]: Leaving directory `/home/akashmanna/blender-git/build_linux/CMakeFiles/CMakeTmp'
make[1]: *** [cmTryCompileExec359150271/fast] Error 2

File /home/akashmanna/blender-git/build_linux/CMakeFiles/CMakeTmp/CheckSymbolExists.c:
/* */
#include <pthread.h>

int main(int argc, char** argv)
{
  (void)argv;
#ifndef pthread_create
  return ((int*)(&pthread_create))[argc];
#else
  (void)argc;
  return 0;
#endif
}

Determining if the function pthread_create exists in the pthreads failed with the following output:
Change Dir: /home/akashmanna/blender-git/build_linux/CMakeFiles/CMakeTmp

Run Build Command:/usr/bin/make "cmTryCompileExec215660072/fast"
make[1]: Entering directory `/home/akashmanna/blender-git/build_linux/CMakeFiles/CMakeTmp'
/usr/bin/make -f CMakeFiles/cmTryCompileExec215660072.dir/build.make CMakeFiles/cmTryCompileExec215660072.dir/build
make[2]: Entering directory `/home/akashmanna/blender-git/build_linux/CMakeFiles/CMakeTmp'
/usr/bin/cmake -E cmake_progress_report /home/akashmanna/blender-git/build_linux/CMakeFiles/CMakeTmp/CMakeFiles 1
Building C object CMakeFiles/cmTryCompileExec215660072.dir/CheckFunctionExists.c.o
/usr/bin/cc   -DCHECK_FUNCTION_EXISTS=pthread_create   -o CMakeFiles/cmTryCompileExec215660072.dir/CheckFunctionExists.c.o   -c /usr/share/cmake-2.8/Modules/CheckFunctionExists.c
Linking C executable cmTryCompileExec215660072
/usr/bin/cmake -E cmake_link_script CMakeFiles/cmTryCompileExec215660072.dir/link.txt --verbose=1
/usr/bin/cc   -DCHECK_FUNCTION_EXISTS=pthread_create    CMakeFiles/cmTryCompileExec215660072.dir/CheckFunctionExists.c.o  -o cmTryCompileExec215660072 -rdynamic -lpthreads 
/usr/bin/ld: cannot find -lpthreads
collect2: error: ld returned 1 exit status
make[2]: *** [cmTryCompileExec215660072] Error 1
make[2]: Leaving directory `/home/akashmanna/blender-git/build_linux/CMakeFiles/CMakeTmp'
make[1]: *** [cmTryCompileExec215660072/fast] Error 2
make[1]: Leaving directory `/home/akashmanna/blender-git/build_linux/CMakeFiles/CMakeTmp'


Determining if the system is big endian passed with the following output:
Change Dir: /home/akashmanna/blender-git/build_linux/CMakeFiles/CMakeTmp

Run Build Command:/usr/bin/make "cmTryCompileExec233323710/fast"
make[1]: Entering directory `/home/akashmanna/blender-git/build_linux/CMakeFiles/CMakeTmp'
/usr/bin/make -f CMakeFiles/cmTryCompileExec233323710.dir/build.make CMakeFiles/cmTryCompileExec233323710.dir/build
make[2]: Entering directory `/home/akashmanna/blender-git/build_linux/CMakeFiles/CMakeTmp'
/usr/bin/cmake -E cmake_progress_report /home/akashmanna/blender-git/build_linux/CMakeFiles/CMakeTmp/CMakeFiles 1
Building C object CMakeFiles/cmTryCompileExec233323710.dir/TestEndianess.c.o
/usr/bin/cc   -fuse-ld=gold    -o CMakeFiles/cmTryCompileExec233323710.dir/TestEndianess.c.o   -c /home/akashmanna/blender-git/build_linux/CMakeFiles/CMakeTmp/TestEndianess.c
Linking C executable cmTryCompileExec233323710
/usr/bin/cmake -E cmake_link_script CMakeFiles/cmTryCompileExec233323710.dir/link.txt --verbose=1
/usr/bin/cc   -fuse-ld=gold     CMakeFiles/cmTryCompileExec233323710.dir/TestEndianess.c.o  -o cmTryCompileExec233323710 -rdynamic 
make[2]: Leaving directory `/home/akashmanna/blender-git/build_linux/CMakeFiles/CMakeTmp'
make[1]: Leaving directory `/home/akashmanna/blender-git/build_linux/CMakeFiles/CMakeTmp'

TestEndianess.c:
/* A 16 bit integer is required. */
typedef unsigned short cmakeint16;

/* On a little endian machine, these 16bit ints will give "THIS IS LITTLE ENDIAN."
   On a big endian machine the characters will be exchanged pairwise. */
const cmakeint16 info_little[] =  {0x4854, 0x5349, 0x4920, 0x2053, 0x494c, 0x5454, 0x454c, 0x4520, 0x444e, 0x4149, 0x2e4e, 0x0000};

/* on a big endian machine, these 16bit ints will give "THIS IS BIG ENDIAN."
   On a little endian machine the characters will be exchanged pairwise. */
const cmakeint16 info_big[] =     {0x5448, 0x4953, 0x2049, 0x5320, 0x4249, 0x4720, 0x454e, 0x4449, 0x414e, 0x2e2e, 0x0000};

#ifdef __CLASSIC_C__
int main(argc, argv) int argc; char *argv[];
#else
int main(int argc, char *argv[])
#endif
{
  int require = 0;
  require += info_little[argc];
  require += info_big[argc];
  (void)argv;
  return require;
}


Performing C SOURCE FILE Test C_WARN_FORMAT_SIGN failed with the following output:
Change Dir: /home/akashmanna/blender-git/build_linux/CMakeFiles/CMakeTmp

Run Build Command:/usr/bin/make "cmTryCompileExec3863445741/fast"
make[1]: Entering directory `/home/akashmanna/blender-git/build_linux/CMakeFiles/CMakeTmp'
/usr/bin/make -f CMakeFiles/cmTryCompileExec3863445741.dir/build.make CMakeFiles/cmTryCompileExec3863445741.dir/build
make[2]: Entering directory `/home/akashmanna/blender-git/build_linux/CMakeFiles/CMakeTmp'
/usr/bin/cmake -E cmake_progress_report /home/akashmanna/blender-git/build_linux/CMakeFiles/CMakeTmp/CMakeFiles 1
Building C object CMakeFiles/cmTryCompileExec3863445741.dir/src.c.o
/usr/bin/cc   -fuse-ld=gold -fopenmp -DC_WARN_FORMAT_SIGN   -Wformat-signedness -o CMakeFiles/cmTryCompileExec3863445741.dir/src.c.o   -c /home/akashmanna/blender-git/build_linux/CMakeFiles/CMakeTmp/src.c
cc: error: unrecognized command line option '-Wformat-signedness'
make[2]: *** [CMakeFiles/cmTryCompileExec3863445741.dir/src.c.o] Error 1
make[2]: Leaving directory `/home/akashmanna/blender-git/build_linux/CMakeFiles/CMakeTmp'
make[1]: Leaving directory `/home/akashmanna/blender-git/build_linux/CMakeFiles/CMakeTmp'
make[1]: *** [cmTryCompileExec3863445741/fast] Error 2

Source file was:
int main(void) { return 0; }
Performing C++ SOURCE FILE Test CXX_WARN_FORMAT_SIGN failed with the following output:
Change Dir: /home/akashmanna/blender-git/build_linux/CMakeFiles/CMakeTmp

Run Build Command:/usr/bin/make "cmTryCompileExec3947207621/fast"
make[1]: Entering directory `/home/akashmanna/blender-git/build_linux/CMakeFiles/CMakeTmp'
/usr/bin/make -f CMakeFiles/cmTryCompileExec3947207621.dir/build.make CMakeFiles/cmTryCompileExec3947207621.dir/build
make[2]: Entering directory `/home/akashmanna/blender-git/build_linux/CMakeFiles/CMakeTmp'
/usr/bin/cmake -E cmake_progress_report /home/akashmanna/blender-git/build_linux/CMakeFiles/CMakeTmp/CMakeFiles 1
Building CXX object CMakeFiles/cmTryCompileExec3947207621.dir/src.cxx.o
/usr/bin/c++    -fuse-ld=gold -fopenmp -DCXX_WARN_FORMAT_SIGN   -Wformat-signedness -o CMakeFiles/cmTryCompileExec3947207621.dir/src.cxx.o -c /home/akashmanna/blender-git/build_linux/CMakeFiles/CMakeTmp/src.cxx
c++: error: unrecognized command line option '-Wformat-signedness'
make[2]: *** [CMakeFiles/cmTryCompileExec3947207621.dir/src.cxx.o] Error 1
make[2]: Leaving directory `/home/akashmanna/blender-git/build_linux/CMakeFiles/CMakeTmp'
make[1]: Leaving directory `/home/akashmanna/blender-git/build_linux/CMakeFiles/CMakeTmp'
make[1]: *** [cmTryCompileExec3947207621/fast] Error 2

Source file was:
int main() { return 0;}
Performing C++ SOURCE FILE Test _has_cxxflag_float_conversion failed with the following output:
Change Dir: /home/akashmanna/blender-git/build_linux/CMakeFiles/CMakeTmp

Run Build Command:/usr/bin/make "cmTryCompileExec4053261583/fast"
make[1]: Entering directory `/home/akashmanna/blender-git/build_linux/CMakeFiles/CMakeTmp'
/usr/bin/make -f CMakeFiles/cmTryCompileExec4053261583.dir/build.make CMakeFiles/cmTryCompileExec4053261583.dir/build
make[2]: Entering directory `/home/akashmanna/blender-git/build_linux/CMakeFiles/CMakeTmp'
/usr/bin/cmake -E cmake_progress_report /home/akashmanna/blender-git/build_linux/CMakeFiles/CMakeTmp/CMakeFiles 1
Building CXX object CMakeFiles/cmTryCompileExec4053261583.dir/src.cxx.o
/usr/bin/c++    -Wredundant-decls -Wall -Wno-invalid-offsetof -Wno-sign-compare -Wlogical-op -Winit-self -Wmissing-include-dirs -Wno-div-by-zero -Wtype-limits -Werror=return-type -Werror=implicit-function-declaration -Wno-char-subscripts -Wno-unknown-pragmas -Wpointer-arith -Wunused-parameter -Wwrite-strings -Wundef -Wuninitialized -Wundef -Wmissing-declarations  -fuse-ld=gold -fopenmp  -msse2  -msse -pipe -fPIC -funsigned-char -fno-strict-aliasing -ffast-math -D_has_cxxflag_float_conversion   -Werror=float-conversion -o CMakeFiles/cmTryCompileExec4053261583.dir/src.cxx.o -c /home/akashmanna/blender-git/build_linux/CMakeFiles/CMakeTmp/src.cxx
cc1plus: error: -Werror=float-conversion: no option -Wfloat-conversion
make[2]: *** [CMakeFiles/cmTryCompileExec4053261583.dir/src.cxx.o] Error 1
make[2]: Leaving directory `/home/akashmanna/blender-git/build_linux/CMakeFiles/CMakeTmp'
make[1]: *** [cmTryCompileExec4053261583/fast] Error 2
make[1]: Leaving directory `/home/akashmanna/blender-git/build_linux/CMakeFiles/CMakeTmp'

Source file was:
int main() { return 0;}
